Watching for file changes with StatReloader
[25/Jul/2025 10:58:55] "GET / HTTP/1.1" 200 14470
[25/Jul/2025 10:59:01] "GET /admin/ HTTP/1.1" 302 0
[25/Jul/2025 10:59:01] "GET /admin/login/?next=/admin/ HTTP/1.1" 200 13248
[25/Jul/2025 10:59:01] "GET /static/wagtailadmin/css/core.css?v=f35647ba HTTP/1.1" 304 0
[25/Jul/2025 10:59:01] "GET /admin/jsi18n/ HTTP/1.1" 200 7076
[25/Jul/2025 10:59:01] "GET /static/wagtailadmin/js/icons.js?v=f35647ba HTTP/1.1" 304 0
[25/Jul/2025 10:59:01] "GET /static/wagtailadmin/js/modal-workflow.js?v=f35647ba HTTP/1.1" 304 0
[25/Jul/2025 10:59:01] "GET /static/wagtailadmin/js/vendor/jquery-3.6.0.min.js?v=f35647ba HTTP/1.1" 304 0
[25/Jul/2025 10:59:01] "GET /static/wagtailadmin/js/vendor/tag-it.js?v=f35647ba HTTP/1.1" 304 0
[25/Jul/2025 10:59:01] "GET /static/wagtailadmin/js/privacy-switch.js?v=f35647ba HTTP/1.1" 304 0
[25/Jul/2025 10:59:01] "GET /static/wagtailadmin/js/core.js?v=f35647ba HTTP/1.1" 304 0
[25/Jul/2025 10:59:01] "GET /static/wagtailadmin/js/vendor/jquery-ui-1.13.2.min.js?v=f35647ba HTTP/1.1" 304 0
[25/Jul/2025 10:59:01] "GET /static/wagtailadmin/js/vendor.js?v=f35647ba HTTP/1.1" 304 0
[25/Jul/2025 10:59:01] "GET /admin/sprite/?h=b489757f HTTP/1.1" 200 63586
[25/Jul/2025 10:59:01] "GET /static/wagtailadmin/js/wagtailadmin.js?v=f35647ba HTTP/1.1" 304 0
[25/Jul/2025 10:59:01] "GET /static/wagtailadmin/js/telepath/telepath.js?v=f35647ba HTTP/1.1" 304 0
[25/Jul/2025 10:59:01] "GET /static/wagtailadmin/js/vendor/bootstrap-transition.js?v=f35647ba HTTP/1.1" 304 0
[25/Jul/2025 10:59:01] "GET /static/wagtailadmin/js/vendor/bootstrap-modal.js?v=f35647ba HTTP/1.1" 304 0
[25/Jul/2025 10:59:01] "GET /static/wagtailadmin/js/sidebar.js?v=f35647ba HTTP/1.1" 304 0
[25/Jul/2025 10:59:01] "GET /static/wagtailadmin/js/vendor/jquery.datetimepicker.js?v=f35647ba HTTP/1.1" 304 0
[25/Jul/2025 10:59:03] "GET / HTTP/1.1" 200 14470
[25/Jul/2025 10:59:13] "POST /admin/login/ HTTP/1.1" 302 0
[25/Jul/2025 10:59:13] "GET /admin/ HTTP/1.1" 200 25859
[25/Jul/2025 10:59:13] "GET /admin/sprite/?h=b489757f HTTP/1.1" 200 63586
[25/Jul/2025 10:59:13] "GET /admin/jsi18n/ HTTP/1.1" 200 7076
[25/Jul/2025 10:59:21] "GET /admin/api/main/pages/?child_of=1&for_explorer=1&fields=parent HTTP/1.1" 200 1459
[25/Jul/2025 10:59:32] "GET /admin/pages/ HTTP/1.1" 200 51449
[25/Jul/2025 10:59:32] "GET /static/wagtailadmin/css/core.css?v=f35647ba HTTP/1.1" 304 0
[25/Jul/2025 10:59:32] "GET /static/wagtailadmin/js/vendor/jquery-ui-1.13.2.min.js?v=f35647ba HTTP/1.1" 304 0
[25/Jul/2025 10:59:32] "GET /static/wagtailadmin/js/vendor/jquery-3.6.0.min.js?v=f35647ba HTTP/1.1" 304 0
[25/Jul/2025 10:59:32] "GET /static/wagtailadmin/js/privacy-switch.js?v=f35647ba HTTP/1.1" 304 0
[25/Jul/2025 10:59:32] "GET /static/wagtailadmin/js/sidebar.js?v=f35647ba HTTP/1.1" 304 0
[25/Jul/2025 10:59:32] "GET /static/wagtailadmin/js/telepath/telepath.js?v=f35647ba HTTP/1.1" 304 0
[25/Jul/2025 10:59:32] "GET /static/wagtailadmin/js/vendor/bootstrap-transition.js?v=f35647ba HTTP/1.1" 304 0
[25/Jul/2025 10:59:32] "GET /static/wagtailadmin/js/icons.js?v=f35647ba HTTP/1.1" 304 0
[25/Jul/2025 10:59:32] "GET /static/wagtailadmin/js/modal-workflow.js?v=f35647ba HTTP/1.1" 304 0
[25/Jul/2025 10:59:32] "GET /static/wagtailadmin/js/vendor.js?v=f35647ba HTTP/1.1" 304 0
[25/Jul/2025 10:59:32] "GET /static/wagtailadmin/js/core.js?v=f35647ba HTTP/1.1" 304 0
[25/Jul/2025 10:59:32] "GET /static/wagtailadmin/js/vendor/tag-it.js?v=f35647ba HTTP/1.1" 304 0
[25/Jul/2025 10:59:32] "GET /static/wagtailadmin/js/vendor/jquery.datetimepicker.js?v=f35647ba HTTP/1.1" 304 0
[25/Jul/2025 10:59:32] "GET /static/wagtailadmin/js/vendor/bootstrap-modal.js?v=f35647ba HTTP/1.1" 304 0
[25/Jul/2025 10:59:32] "GET /static/wagtailadmin/js/wagtailadmin.js?v=f35647ba HTTP/1.1" 304 0
[25/Jul/2025 10:59:32] "GET /static/wagtailadmin/js/date-time-chooser.js?v=f35647ba HTTP/1.1" 200 3376
[25/Jul/2025 10:59:32] "GET /static/wagtailadmin/js/bulk-actions.js?v=f35647ba HTTP/1.1" 200 5549
[25/Jul/2025 10:59:32] "GET /admin/sprite/?h=b489757f HTTP/1.1" 200 63586
[25/Jul/2025 10:59:32] "GET /admin/jsi18n/ HTTP/1.1" 200 7076
[25/Jul/2025 10:59:33] "GET /static/wagtailadmin/images/icons/arrow-down.svg HTTP/1.1" 200 304
[25/Jul/2025 10:59:43] "GET /admin/pages/3/ HTTP/1.1" 200 62252
[25/Jul/2025 10:59:43] "GET /admin/sprite/?h=b489757f HTTP/1.1" 200 63586
[25/Jul/2025 10:59:43] "GET /admin/jsi18n/ HTTP/1.1" 200 7076
[25/Jul/2025 10:59:56] "GET /admin/pages/3/add_subpage/ HTTP/1.1" 200 22490
[25/Jul/2025 10:59:56] "GET /static/wagtailadmin/css/core.css?v=f35647ba HTTP/1.1" 304 0
[25/Jul/2025 10:59:56] "GET /static/wagtailadmin/js/modal-workflow.js?v=f35647ba HTTP/1.1" 304 0
[25/Jul/2025 10:59:56] "GET /static/wagtailadmin/js/vendor/bootstrap-modal.js?v=f35647ba HTTP/1.1" 304 0
[25/Jul/2025 10:59:56] "GET /static/wagtailadmin/js/vendor.js?v=f35647ba HTTP/1.1" 304 0
[25/Jul/2025 10:59:56] "GET /static/wagtailadmin/js/wagtailadmin.js?v=f35647ba HTTP/1.1" 304 0
[25/Jul/2025 10:59:56] "GET /static/wagtailadmin/js/vendor/jquery-3.6.0.min.js?v=f35647ba HTTP/1.1" 304 0
[25/Jul/2025 10:59:56] "GET /static/wagtailadmin/js/icons.js?v=f35647ba HTTP/1.1" 304 0
[25/Jul/2025 10:59:56] "GET /static/wagtailadmin/js/vendor/tag-it.js?v=f35647ba HTTP/1.1" 304 0
[25/Jul/2025 10:59:56] "GET /static/wagtailadmin/js/vendor/jquery-ui-1.13.2.min.js?v=f35647ba HTTP/1.1" 304 0
[25/Jul/2025 10:59:56] "GET /static/wagtailadmin/js/vendor/bootstrap-transition.js?v=f35647ba HTTP/1.1" 304 0
[25/Jul/2025 10:59:56] "GET /static/wagtailadmin/js/telepath/telepath.js?v=f35647ba HTTP/1.1" 304 0
[25/Jul/2025 10:59:56] "GET /static/wagtailadmin/js/privacy-switch.js?v=f35647ba HTTP/1.1" 304 0
[25/Jul/2025 10:59:56] "GET /static/wagtailadmin/js/core.js?v=f35647ba HTTP/1.1" 304 0
[25/Jul/2025 10:59:56] "GET /static/wagtailadmin/js/sidebar.js?v=f35647ba HTTP/1.1" 304 0
[25/Jul/2025 10:59:56] "GET /static/wagtailadmin/js/vendor/jquery.datetimepicker.js?v=f35647ba HTTP/1.1" 304 0
[25/Jul/2025 10:59:56] "GET /admin/jsi18n/ HTTP/1.1" 200 7076
[25/Jul/2025 10:59:56] "GET /admin/sprite/?h=b489757f HTTP/1.1" 200 63586
[25/Jul/2025 11:00:04] "GET /admin/pages/add/jobs/jobindexpage/3/ HTTP/1.1" 200 82088
[25/Jul/2025 11:00:04] "GET /static/wagtailembeds/js/embed-chooser-modal.js?v=f35647ba HTTP/1.1" 200 358
[25/Jul/2025 11:00:04] "GET /static/wagtaildocs/js/document-chooser-modal.js?v=f35647ba HTTP/1.1" 200 2193
[25/Jul/2025 11:00:04] "GET /static/wagtailadmin/js/page-chooser-modal.js?v=f35647ba HTTP/1.1" 200 5265
[25/Jul/2025 11:00:04] "GET /static/wagtailimages/js/image-chooser-modal.js?v=f35647ba HTTP/1.1" 200 3546
[25/Jul/2025 11:00:04] "GET /static/wagtailadmin/js/comments.js HTTP/1.1" 200 50463
[25/Jul/2025 11:00:04] "GET /static/wagtailadmin/js/date-time-chooser.js?v=f35647ba HTTP/1.1" 304 0
[25/Jul/2025 11:00:04] "GET /admin/jsi18n/ HTTP/1.1" 200 7076
[25/Jul/2025 11:00:04] "GET /static/wagtailadmin/css/panels/draftail.css?v=f35647ba HTTP/1.1" 200 24204
[25/Jul/2025 11:00:04] "GET /static/wagtailadmin/js/draftail.js?v=f35647ba HTTP/1.1" 200 294221
[25/Jul/2025 11:00:04] "GET /admin/sprite/?h=b489757f HTTP/1.1" 200 63586
[25/Jul/2025 11:00:40] "GET / HTTP/1.1" 200 14470
[25/Jul/2025 11:00:44] "POST /admin/pages/add/jobs/jobindexpage/3/ HTTP/1.1" 302 0
[25/Jul/2025 11:00:44] "GET /admin/pages/4/edit/ HTTP/1.1" 200 96212
[25/Jul/2025 11:00:44] "GET /static/wagtailadmin/css/core.css?v=f35647ba HTTP/1.1" 304 0
[25/Jul/2025 11:00:44] "GET /static/wagtailembeds/js/embed-chooser-modal.js?v=f35647ba HTTP/1.1" 304 0
[25/Jul/2025 11:00:44] "GET /static/wagtailadmin/js/telepath/telepath.js?v=f35647ba HTTP/1.1" 304 0
[25/Jul/2025 11:00:44] "GET /static/wagtailadmin/js/vendor/bootstrap-modal.js?v=f35647ba HTTP/1.1" 304 0
[25/Jul/2025 11:00:44] "GET /static/wagtailadmin/js/vendor/jquery-ui-1.13.2.min.js?v=f35647ba HTTP/1.1" 304 0
[25/Jul/2025 11:00:44] "GET /static/wagtailadmin/js/vendor/bootstrap-transition.js?v=f35647ba HTTP/1.1" 304 0
[25/Jul/2025 11:00:44] "GET /static/wagtailadmin/js/icons.js?v=f35647ba HTTP/1.1" 304 0
[25/Jul/2025 11:00:44] "GET /static/wagtailadmin/js/vendor/jquery.datetimepicker.js?v=f35647ba HTTP/1.1" 304 0
[25/Jul/2025 11:00:44] "GET /static/wagtailadmin/css/panels/draftail.css?v=f35647ba HTTP/1.1" 304 0
[25/Jul/2025 11:00:44] "GET /static/wagtailadmin/js/core.js?v=f35647ba HTTP/1.1" 304 0
[25/Jul/2025 11:00:44] "GET /static/wagtailadmin/js/workflow-action.js?v=f35647ba HTTP/1.1" 200 3593
[25/Jul/2025 11:00:44] "GET /static/wagtailadmin/js/vendor.js?v=f35647ba HTTP/1.1" 304 0
[25/Jul/2025 11:00:44] "GET /static/wagtailadmin/js/wagtailadmin.js?v=f35647ba HTTP/1.1" 304 0
[25/Jul/2025 11:00:44] "GET /static/wagtailadmin/js/vendor/tag-it.js?v=f35647ba HTTP/1.1" 304 0
[25/Jul/2025 11:00:44] "GET /static/wagtailadmin/js/draftail.js?v=f35647ba HTTP/1.1" 304 0
[25/Jul/2025 11:00:44] "GET /static/wagtailadmin/js/sidebar.js?v=f35647ba HTTP/1.1" 304 0
[25/Jul/2025 11:00:44] "GET /static/wagtailadmin/js/modal-workflow.js?v=f35647ba HTTP/1.1" 304 0
[25/Jul/2025 11:00:44] "GET /static/wagtailadmin/js/page-chooser-modal.js?v=f35647ba HTTP/1.1" 304 0
[25/Jul/2025 11:00:44] "GET /static/wagtailadmin/js/privacy-switch.js?v=f35647ba HTTP/1.1" 304 0
[25/Jul/2025 11:00:44] "GET /static/wagtaildocs/js/document-chooser-modal.js?v=f35647ba HTTP/1.1" 304 0
[25/Jul/2025 11:00:44] "GET /static/wagtailadmin/js/vendor/jquery-3.6.0.min.js?v=f35647ba HTTP/1.1" 304 0
[25/Jul/2025 11:00:44] "GET /static/wagtailimages/js/image-chooser-modal.js?v=f35647ba HTTP/1.1" 304 0
[25/Jul/2025 11:00:44] "GET /static/wagtailadmin/js/date-time-chooser.js?v=f35647ba HTTP/1.1" 304 0
[25/Jul/2025 11:00:44] "GET /static/wagtailadmin/js/comments.js HTTP/1.1" 304 0
[25/Jul/2025 11:00:44] "GET /admin/jsi18n/ HTTP/1.1" 200 7076
[25/Jul/2025 11:00:44] "GET /admin/sprite/?h=b489757f HTTP/1.1" 200 63586
[25/Jul/2025 11:00:44] "POST /admin/editing-sessions/ping/wagtailcore/page/4/1/ HTTP/1.1" 200 238
[25/Jul/2025 11:00:54] "POST /admin/editing-sessions/ping/wagtailcore/page/4/1/ HTTP/1.1" 200 238
[25/Jul/2025 11:01:04] "POST /admin/editing-sessions/ping/wagtailcore/page/4/1/ HTTP/1.1" 200 238
[25/Jul/2025 11:01:04] "POST /admin/pages/4/edit/ HTTP/1.1" 302 0
[25/Jul/2025 11:01:05] "GET /admin/pages/3/ HTTP/1.1" 200 68177
[25/Jul/2025 11:01:05] "GET /static/wagtailadmin/js/bulk-actions.js?v=f35647ba HTTP/1.1" 304 0
[25/Jul/2025 11:01:05] "GET /admin/sprite/?h=b489757f HTTP/1.1" 200 63586
[25/Jul/2025 11:01:05] "POST /admin/editing-sessions/release/1/ HTTP/1.1" 200 2
[25/Jul/2025 11:01:05] "GET /admin/jsi18n/ HTTP/1.1" 200 7076
[25/Jul/2025 11:01:13] "GET /%E6%8B%9B%E8%81%98%E4%BF%A1%E6%81%AF/ HTTP/1.1" 200 25049
[25/Jul/2025 11:01:13] "GET /static/wagtailadmin/js/vendor.js?v=f35647ba HTTP/1.1" 304 0
[25/Jul/2025 11:01:13] "GET /static/js/recruitment_navigator.js HTTP/1.1" 304 0
[25/Jul/2025 11:01:13] "GET /static/css/recruitment_navigator.css HTTP/1.1" 304 0
[25/Jul/2025 11:01:13] "GET /static/wagtailadmin/js/userbar.js?v=f35647ba HTTP/1.1" 200 599264
[25/Jul/2025 11:01:13] "GET /static/wagtailadmin/css/core.css?v=f35647ba HTTP/1.1" 304 0
[25/Jul/2025 11:01:23] "GET / HTTP/1.1" 200 28726
Not Found: /about/
[25/Jul/2025 11:01:30] "GET /about/ HTTP/1.1" 404 3487
/workspace/recruitment_navigator/home/models.py changed, reloading.
Performing system checks...

System check identified no issues (0 silenced).
July 25, 2025 - 10:58:51
Django version 4.2.23, using settings 'recruitment_navigator.settings.dev'
Starting development server at http://0.0.0.0:12000/
Quit the server with CONTROL-C.

Watching for file changes with StatReloader
[25/Jul/2025 11:02:58] "GET / HTTP/1.1" 200 14470
[25/Jul/2025 11:03:12] "GET / HTTP/1.1" 200 14470
[25/Jul/2025 11:03:23] "GET /admin/pages/ HTTP/1.1" 200 51853
[25/Jul/2025 11:03:23] "GET /static/wagtailadmin/css/core.css?v=f35647ba HTTP/1.1" 304 0
[25/Jul/2025 11:03:23] "GET /static/wagtailadmin/js/vendor/jquery.datetimepicker.js?v=f35647ba HTTP/1.1" 304 0
[25/Jul/2025 11:03:23] "GET /static/wagtailadmin/js/vendor/jquery-ui-1.13.2.min.js?v=f35647ba HTTP/1.1" 304 0
[25/Jul/2025 11:03:23] "GET /static/wagtailadmin/js/modal-workflow.js?v=f35647ba HTTP/1.1" 304 0
[25/Jul/2025 11:03:23] "GET /static/wagtailadmin/js/telepath/telepath.js?v=f35647ba HTTP/1.1" 304 0
[25/Jul/2025 11:03:23] "GET /static/wagtailadmin/js/vendor/bootstrap-transition.js?v=f35647ba HTTP/1.1" 304 0
[25/Jul/2025 11:03:24] "GET /static/wagtailadmin/js/icons.js?v=f35647ba HTTP/1.1" 304 0
[25/Jul/2025 11:03:24] "GET /static/wagtailadmin/js/privacy-switch.js?v=f35647ba HTTP/1.1" 304 0
[25/Jul/2025 11:03:24] "GET /static/wagtailadmin/js/date-time-chooser.js?v=f35647ba HTTP/1.1" 304 0
[25/Jul/2025 11:03:24] "GET /static/wagtailadmin/js/vendor/jquery-3.6.0.min.js?v=f35647ba HTTP/1.1" 304 0
[25/Jul/2025 11:03:24] "GET /static/wagtailadmin/js/bulk-actions.js?v=f35647ba HTTP/1.1" 304 0
[25/Jul/2025 11:03:24] "GET /static/wagtailadmin/js/vendor/tag-it.js?v=f35647ba HTTP/1.1" 304 0
[25/Jul/2025 11:03:24] "GET /static/wagtailadmin/js/vendor/bootstrap-modal.js?v=f35647ba HTTP/1.1" 304 0
[25/Jul/2025 11:03:24] "GET /static/wagtailadmin/js/core.js?v=f35647ba HTTP/1.1" 304 0
[25/Jul/2025 11:03:24] "GET /static/wagtailadmin/js/vendor.js?v=f35647ba HTTP/1.1" 304 0
[25/Jul/2025 11:03:24] "GET /admin/jsi18n/ HTTP/1.1" 200 7076
[25/Jul/2025 11:03:24] "GET /static/wagtailadmin/js/wagtailadmin.js?v=f35647ba HTTP/1.1" 304 0
[25/Jul/2025 11:03:24] "GET /static/wagtailadmin/js/sidebar.js?v=f35647ba HTTP/1.1" 304 0
[25/Jul/2025 11:03:24] "GET /admin/sprite/?h=b489757f HTTP/1.1" 200 63586
[25/Jul/2025 11:03:31] "GET /admin/pages/3/ HTTP/1.1" 200 67566
[25/Jul/2025 11:03:31] "GET /admin/jsi18n/ HTTP/1.1" 200 7076
[25/Jul/2025 11:03:31] "GET /admin/sprite/?h=b489757f HTTP/1.1" 200 63586
[25/Jul/2025 11:04:52] "GET / HTTP/1.1" 200 14470
[25/Jul/2025 11:06:03] "GET / HTTP/1.1" 200 14470
[25/Jul/2025 11:06:41] "GET /admin/pages/3/add_subpage/ HTTP/1.1" 200 23337
[25/Jul/2025 11:06:41] "GET /static/wagtailadmin/css/core.css?v=f35647ba HTTP/1.1" 304 0
[25/Jul/2025 11:06:41] "GET /static/wagtailadmin/js/vendor/jquery-3.6.0.min.js?v=f35647ba HTTP/1.1" 304 0
[25/Jul/2025 11:06:41] "GET /static/wagtailadmin/js/vendor/jquery-ui-1.13.2.min.js?v=f35647ba HTTP/1.1" 304 0
[25/Jul/2025 11:06:41] "GET /static/wagtailadmin/js/icons.js?v=f35647ba HTTP/1.1" 304 0
[25/Jul/2025 11:06:41] "GET /static/wagtailadmin/js/vendor/jquery.datetimepicker.js?v=f35647ba HTTP/1.1" 304 0
[25/Jul/2025 11:06:41] "GET /static/wagtailadmin/js/vendor/bootstrap-modal.js?v=f35647ba HTTP/1.1" 304 0
[25/Jul/2025 11:06:41] "GET /static/wagtailadmin/js/vendor/tag-it.js?v=f35647ba HTTP/1.1" 304 0
[25/Jul/2025 11:06:41] "GET /static/wagtailadmin/js/vendor.js?v=f35647ba HTTP/1.1" 304 0
[25/Jul/2025 11:06:41] "GET /static/wagtailadmin/js/vendor/bootstrap-transition.js?v=f35647ba HTTP/1.1" 304 0
[25/Jul/2025 11:06:41] "GET /admin/jsi18n/ HTTP/1.1" 200 7076
[25/Jul/2025 11:06:41] "GET /static/wagtailadmin/js/wagtailadmin.js?v=f35647ba HTTP/1.1" 304 0
[25/Jul/2025 11:06:41] "GET /static/wagtailadmin/js/core.js?v=f35647ba HTTP/1.1" 304 0
[25/Jul/2025 11:06:41] "GET /static/wagtailadmin/js/sidebar.js?v=f35647ba HTTP/1.1" 304 0
[25/Jul/2025 11:06:41] "GET /static/wagtailadmin/js/telepath/telepath.js?v=f35647ba HTTP/1.1" 304 0
[25/Jul/2025 11:06:41] "GET /static/wagtailadmin/js/privacy-switch.js?v=f35647ba HTTP/1.1" 304 0
[25/Jul/2025 11:06:41] "GET /admin/sprite/?h=b489757f HTTP/1.1" 200 63586
[25/Jul/2025 11:06:41] "GET /static/wagtailadmin/js/modal-workflow.js?v=f35647ba HTTP/1.1" 304 0
[25/Jul/2025 11:06:48] "GET /admin/pages/add/home/aboutpage/3/ HTTP/1.1" 200 87478
[25/Jul/2025 11:06:48] "GET /static/wagtailadmin/js/comments.js HTTP/1.1" 304 0
[25/Jul/2025 11:06:48] "GET /static/wagtailimages/js/image-chooser-modal.js?v=f35647ba HTTP/1.1" 304 0
[25/Jul/2025 11:06:48] "GET /static/wagtailadmin/js/draftail.js?v=f35647ba HTTP/1.1" 304 0
[25/Jul/2025 11:06:48] "GET /static/wagtailadmin/js/page-chooser-modal.js?v=f35647ba HTTP/1.1" 304 0
[25/Jul/2025 11:06:48] "GET /static/wagtaildocs/js/document-chooser-modal.js?v=f35647ba HTTP/1.1" 304 0
[25/Jul/2025 11:06:48] "GET /static/wagtailembeds/js/embed-chooser-modal.js?v=f35647ba HTTP/1.1" 304 0
[25/Jul/2025 11:06:48] "GET /static/wagtailadmin/js/date-time-chooser.js?v=f35647ba HTTP/1.1" 304 0
[25/Jul/2025 11:06:48] "GET /static/wagtailadmin/css/panels/draftail.css?v=f35647ba HTTP/1.1" 304 0
[25/Jul/2025 11:06:48] "GET /admin/jsi18n/ HTTP/1.1" 200 7076
[25/Jul/2025 11:06:48] "GET /admin/sprite/?h=b489757f HTTP/1.1" 200 63586
[25/Jul/2025 11:08:00] "POST /admin/pages/add/home/aboutpage/3/ HTTP/1.1" 302 0
[25/Jul/2025 11:08:00] "GET /admin/pages/3/ HTTP/1.1" 200 73242
[25/Jul/2025 11:08:00] "GET /static/wagtailadmin/js/vendor/bootstrap-transition.js?v=f35647ba HTTP/1.1" 304 0
[25/Jul/2025 11:08:00] "GET /static/wagtailadmin/js/vendor/jquery-3.6.0.min.js?v=f35647ba HTTP/1.1" 304 0
[25/Jul/2025 11:08:00] "GET /static/wagtailadmin/js/sidebar.js?v=f35647ba HTTP/1.1" 304 0
[25/Jul/2025 11:08:00] "GET /static/wagtailadmin/js/vendor/jquery-ui-1.13.2.min.js?v=f35647ba HTTP/1.1" 304 0
[25/Jul/2025 11:08:00] "GET /static/wagtailadmin/js/vendor/bootstrap-modal.js?v=f35647ba HTTP/1.1" 304 0
[25/Jul/2025 11:08:00] "GET /static/wagtailadmin/css/core.css?v=f35647ba HTTP/1.1" 304 0
[25/Jul/2025 11:08:00] "GET /static/wagtailadmin/js/icons.js?v=f35647ba HTTP/1.1" 304 0
[25/Jul/2025 11:08:00] "GET /static/wagtailadmin/js/modal-workflow.js?v=f35647ba HTTP/1.1" 304 0
[25/Jul/2025 11:08:00] "GET /static/wagtailadmin/js/telepath/telepath.js?v=f35647ba HTTP/1.1" 304 0
[25/Jul/2025 11:08:00] "GET /static/wagtailadmin/js/privacy-switch.js?v=f35647ba HTTP/1.1" 304 0
[25/Jul/2025 11:08:00] "GET /static/wagtailadmin/js/vendor.js?v=f35647ba HTTP/1.1" 304 0
[25/Jul/2025 11:08:00] "GET /static/wagtailadmin/js/date-time-chooser.js?v=f35647ba HTTP/1.1" 304 0
[25/Jul/2025 11:08:00] "GET /static/wagtailadmin/js/vendor/jquery.datetimepicker.js?v=f35647ba HTTP/1.1" 304 0
[25/Jul/2025 11:08:00] "GET /static/wagtailadmin/js/vendor/tag-it.js?v=f35647ba HTTP/1.1" 304 0
[25/Jul/2025 11:08:00] "GET /static/wagtailadmin/js/core.js?v=f35647ba HTTP/1.1" 304 0
[25/Jul/2025 11:08:00] "GET /static/wagtailadmin/js/bulk-actions.js?v=f35647ba HTTP/1.1" 304 0
[25/Jul/2025 11:08:00] "GET /static/wagtailadmin/js/wagtailadmin.js?v=f35647ba HTTP/1.1" 304 0
[25/Jul/2025 11:08:00] "GET /admin/sprite/?h=b489757f HTTP/1.1" 200 63586
[25/Jul/2025 11:08:00] "GET /admin/jsi18n/ HTTP/1.1" 200 7076
[25/Jul/2025 11:09:18] "GET / HTTP/1.1" 200 14470
[25/Jul/2025 11:09:47] "GET / HTTP/1.1" 200 33641
[25/Jul/2025 11:09:47] "GET /static/css/recruitment_navigator.css HTTP/1.1" 304 0
[25/Jul/2025 11:09:47] "GET /static/wagtailadmin/js/vendor.js?v=f35647ba HTTP/1.1" 304 0
[25/Jul/2025 11:09:47] "GET /static/js/recruitment_navigator.js HTTP/1.1" 304 0
[25/Jul/2025 11:09:47] "GET /static/wagtailadmin/js/userbar.js?v=f35647ba HTTP/1.1" 304 0
[25/Jul/2025 11:09:48] "GET /static/wagtailadmin/css/core.css?v=f35647ba HTTP/1.1" 304 0
Not Found: /about/
[25/Jul/2025 11:09:58] "GET /about/ HTTP/1.1" 404 3487
[25/Jul/2025 11:10:20] "GET /admin/pages/ HTTP/1.1" 200 51853
[25/Jul/2025 11:10:20] "GET /static/wagtailadmin/js/vendor/jquery-3.6.0.min.js?v=f35647ba HTTP/1.1" 304 0
[25/Jul/2025 11:10:20] "GET /static/wagtailadmin/js/icons.js?v=f35647ba HTTP/1.1" 304 0
[25/Jul/2025 11:10:20] "GET /static/wagtailadmin/js/vendor/jquery.datetimepicker.js?v=f35647ba HTTP/1.1" 304 0
[25/Jul/2025 11:10:20] "GET /static/wagtailadmin/js/vendor/bootstrap-transition.js?v=f35647ba HTTP/1.1" 304 0
[25/Jul/2025 11:10:20] "GET /admin/jsi18n/ HTTP/1.1" 200 7076
[25/Jul/2025 11:10:20] "GET /static/wagtailadmin/js/vendor/jquery-ui-1.13.2.min.js?v=f35647ba HTTP/1.1" 304 0
[25/Jul/2025 11:10:20] "GET /static/wagtailadmin/js/vendor/bootstrap-modal.js?v=f35647ba HTTP/1.1" 304 0
[25/Jul/2025 11:10:20] "GET /static/wagtailadmin/js/telepath/telepath.js?v=f35647ba HTTP/1.1" 304 0
[25/Jul/2025 11:10:20] "GET /static/wagtailadmin/js/sidebar.js?v=f35647ba HTTP/1.1" 304 0
[25/Jul/2025 11:10:20] "GET /static/wagtailadmin/js/wagtailadmin.js?v=f35647ba HTTP/1.1" 304 0
[25/Jul/2025 11:10:20] "GET /static/wagtailadmin/js/vendor/tag-it.js?v=f35647ba HTTP/1.1" 304 0
[25/Jul/2025 11:10:20] "GET /static/wagtailadmin/js/core.js?v=f35647ba HTTP/1.1" 304 0
[25/Jul/2025 11:10:20] "GET /static/wagtailadmin/js/modal-workflow.js?v=f35647ba HTTP/1.1" 304 0
[25/Jul/2025 11:10:20] "GET /static/wagtailadmin/js/date-time-chooser.js?v=f35647ba HTTP/1.1" 304 0
[25/Jul/2025 11:10:20] "GET /static/wagtailadmin/js/privacy-switch.js?v=f35647ba HTTP/1.1" 304 0
[25/Jul/2025 11:10:20] "GET /admin/sprite/?h=b489757f HTTP/1.1" 200 63586
[25/Jul/2025 11:10:20] "GET /static/wagtailadmin/js/bulk-actions.js?v=f35647ba HTTP/1.1" 304 0
[25/Jul/2025 11:10:27] "GET /admin/pages/3/ HTTP/1.1" 200 72550
[25/Jul/2025 11:10:27] "GET /admin/jsi18n/ HTTP/1.1" 200 7076
[25/Jul/2025 11:10:27] "GET /admin/sprite/?h=b489757f HTTP/1.1" 200 63586
[25/Jul/2025 11:10:37] "GET /%E5%85%B3%E4%BA%8E%E6%88%91%E4%BB%AC/ HTTP/1.1" 200 23944
[25/Jul/2025 11:10:47] "GET /%E6%8B%9B%E8%81%98%E4%BF%A1%E6%81%AF/ HTTP/1.1" 200 30644
[25/Jul/2025 11:10:56] "GET /%E6%8B%9B%E8%81%98%E4%BF%A1%E6%81%AF/%E5%8C%97%E4%BA%AC%E5%B8%82%E6%95%99%E8%82%B2%E5%B1%80%E6%8B%9B%E8%81%98%E6%95%99%E5%B8%88/ HTTP/1.1" 200 23607
[25/Jul/2025 11:11:19] "GET /search/ HTTP/1.1" 200 22238
[25/Jul/2025 11:11:19] "GET /static/wagtailadmin/js/userbar.js?v=f35647ba HTTP/1.1" 304 0
[25/Jul/2025 11:11:19] "GET /static/wagtailadmin/js/vendor.js?v=f35647ba HTTP/1.1" 304 0
[25/Jul/2025 11:11:19] "GET /static/wagtailadmin/css/core.css?v=f35647ba HTTP/1.1" 304 0
[25/Jul/2025 11:11:28] "GET / HTTP/1.1" 200 19385
[25/Jul/2025 11:11:31] "GET /search/?query=%E6%95%99%E5%B8%88 HTTP/1.1" 200 22513
[25/Jul/2025 11:11:43] "GET / HTTP/1.1" 200 19385
[25/Jul/2025 11:11:56] "GET /search/ HTTP/1.1" 200 22238
[25/Jul/2025 11:11:56] "GET /static/css/recruitment_navigator.css HTTP/1.1" 304 0
[25/Jul/2025 11:11:56] "GET /static/js/recruitment_navigator.js HTTP/1.1" 304 0
[25/Jul/2025 11:12:08] "GET /search/?query=%E6%95%99%E5%B8%88 HTTP/1.1" 200 22513
/workspace/recruitment_navigator/search/views.py changed, reloading.
Performing system checks...

System check identified no issues (0 silenced).
July 25, 2025 - 11:01:46
Django version 4.2.23, using settings 'recruitment_navigator.settings.dev'
Starting development server at http://0.0.0.0:12000/
Quit the server with CONTROL-C.

Watching for file changes with StatReloader
[25/Jul/2025 11:13:31] "GET /search/ HTTP/1.1" 200 22238
[25/Jul/2025 11:13:31] "GET /static/wagtailadmin/js/userbar.js?v=f35647ba HTTP/1.1" 304 0
[25/Jul/2025 11:13:31] "GET /static/wagtailadmin/js/vendor.js?v=f35647ba HTTP/1.1" 304 0
[25/Jul/2025 11:13:31] "GET /static/wagtailadmin/css/core.css?v=f35647ba HTTP/1.1" 304 0
[25/Jul/2025 11:13:50] "GET /search/?query=%E6%95%99%E5%B8%88 HTTP/1.1" 200 23506
[25/Jul/2025 11:13:59] "GET /search/?query=%E9%93%B6%E8%A1%8C HTTP/1.1" 200 23536
[25/Jul/2025 11:13:59] "GET /static/js/recruitment_navigator.js HTTP/1.1" 304 0
[25/Jul/2025 11:13:59] "GET /static/css/recruitment_navigator.css HTTP/1.1" 304 0
Not Found: /jobs/
[25/Jul/2025 11:14:08] "GET /jobs/?category=government HTTP/1.1" 404 3504
[25/Jul/2025 11:14:27] "GET / HTTP/1.1" 200 19385
/workspace/recruitment_navigator/jobs/models.py changed, reloading.
Performing system checks...

System check identified no issues (0 silenced).
July 25, 2025 - 11:13:27
Django version 4.2.23, using settings 'recruitment_navigator.settings.dev'
Starting development server at http://0.0.0.0:12000/
Quit the server with CONTROL-C.

Watching for file changes with StatReloader
Not Found: /jobs/
[25/Jul/2025 11:14:33] "GET /jobs/?category=government HTTP/1.1" 404 3504
[25/Jul/2025 11:15:07] "GET /%E6%8B%9B%E8%81%98%E4%BF%A1%E6%81%AF/?category=government HTTP/1.1" 200 27816
[25/Jul/2025 11:15:25] "GET /search/?query=%E6%95%99%E5%B8%88 HTTP/1.1" 200 23506
[25/Jul/2025 11:15:25] "GET /static/wagtailadmin/js/vendor.js?v=f35647ba HTTP/1.1" 304 0
[25/Jul/2025 11:15:25] "GET /static/wagtailadmin/js/userbar.js?v=f35647ba HTTP/1.1" 304 0
[25/Jul/2025 11:15:25] "GET /static/wagtailadmin/css/core.css?v=f35647ba HTTP/1.1" 304 0
[25/Jul/2025 11:15:35] "GET /search/?query=%E9%93%B6%E8%A1%8C HTTP/1.1" 200 23536
[25/Jul/2025 11:16:34] "GET / HTTP/1.1" 200 33895
[25/Jul/2025 11:16:34] "GET /static/js/recruitment_navigator.js HTTP/1.1" 304 0
[25/Jul/2025 11:16:34] "GET /static/css/recruitment_navigator.css HTTP/1.1" 304 0
[25/Jul/2025 11:16:34] "GET / HTTP/1.1" 200 19639
[25/Jul/2025 11:16:43] "GET /%E6%8B%9B%E8%81%98%E4%BF%A1%E6%81%AF/ HTTP/1.1" 200 30898
[25/Jul/2025 11:16:49] "GET /%E5%85%B3%E4%BA%8E%E6%88%91%E4%BB%AC/ HTTP/1.1" 200 24198
[25/Jul/2025 11:16:56] "GET /%E6%8B%9B%E8%81%98%E4%BF%A1%E6%81%AF/?category=government HTTP/1.1" 200 28070
[25/Jul/2025 11:17:12] "GET /%E6%8B%9B%E8%81%98%E4%BF%A1%E6%81%AF/?category=bank HTTP/1.1" 200 28112
[25/Jul/2025 11:17:19] "GET /%E6%8B%9B%E8%81%98%E4%BF%A1%E6%81%AF/%E4%B8%AD%E5%9B%BD%E9%93%B6%E8%A1%8C%E6%B1%9F%E8%8B%8F%E5%88%86%E8%A1%8C%E6%8B%9B%E8%81%98%E5%AE%A2%E6%88%B7%E7%BB%8F%E7%90%86/ HTTP/1.1" 200 23903
[25/Jul/2025 11:17:19] "GET /static/wagtailadmin/js/vendor.js?v=f35647ba HTTP/1.1" 304 0
[25/Jul/2025 11:17:19] "GET /static/wagtailadmin/js/userbar.js?v=f35647ba HTTP/1.1" 304 0
[25/Jul/2025 11:17:19] "GET /static/wagtailadmin/css/core.css?v=f35647ba HTTP/1.1" 304 0
